Arguments: 
  C:\Program Files\nodejs\node.exe C:\Users\tobiaswaelde\AppData\Roaming\npm\node_modules\yarn\bin\yarn.js add -D @types/cli-progress @types/node nodemon ts-node typescript cli-progress

PATH: 
  C:\Users\tobiaswaelde\bin;C:\Program Files\Git\mingw64\bin;C:\Program Files\Git\usr\local\bin;C:\Program Files\Git\usr\bin;C:\Program Files\Git\usr\bin;C:\Program Files\Git\mingw64\bin;C:\Program Files\Git\usr\bin;C:\Users\tobiaswaelde\bin;C:\Program Files\Common Files\Oracle\Java\javapath;C:\Python311\Scripts;C:\Python311;C:\Windows\system32;C:\Windows;C:\Windows\System32\Wbem;C:\Windows\System32\WindowsPowerShell\v1.0;C:\Windows\System32\OpenSSH;C:\Program Files\Microsoft VS Code\bin;C:\Program Files\Microsoft VS Code Insiders\bin;C:\Program Files\Git\cmd;C:\Program Files\nodejs;C:\ProgramData\chocolatey\bin;C:\Program Files (x86)\NVIDIA Corporation\PhysX\Common;C:\Users\tobiaswaelde\AppData\Local\Microsoft\WindowsApps;C:\Users\tobiaswaelde\AppData\Roaming\npm;C:\Program Files\Git\usr\bin\vendor_perl;C:\Program Files\Git\usr\bin\core_perl

Yarn version: 
  1.22.19

Node version: 
  18.15.0

Platform: 
  win32 x64

Trace: 
  SyntaxError: P:\custom-packages\run-in-sequence\package.json: Unexpected token } in JSON at position 440
      at JSON.parse (<anonymous>)
      at C:\Users\tobiaswaelde\AppData\Roaming\npm\node_modules\yarn\lib\cli.js:1629:59
      at Generator.next (<anonymous>)
      at step (C:\Users\tobiaswaelde\AppData\Roaming\npm\node_modules\yarn\lib\cli.js:310:30)
      at C:\Users\tobiaswaelde\AppData\Roaming\npm\node_modules\yarn\lib\cli.js:321:13

npm manifest: 
  {
    "name": "run-in-sequence",
    "version": "0.1.0",
    "description": "A simple function to run async functions in sequence",
    "main": "index.js",
    "repository": "git@github.com:tobiaswaelde/run-in-sequence.git",
    "author": "Tobias Wälde <tobias.waelde@gmail.com>",
    "license": "MIT",
    "private": false,
    "scripts": {
      "dev": "nodemon --config \"./nodemon.json\"",
      "prebuild": "rm -rf ./out",
      "build": "cd src && tsc"
    },
  }

yarn manifest: 
  No manifest

Lockfile: 
  No lockfile
